1 752
2 1877
3 840
4 824
5 51
6 933
7 1947
8 673
9 1874
10 669
11 1673
12 1378
13 2023
14 1599
15 906
16 1285
17 1505
18 1706
19 2
20 1848
21 1489
22 381
23 736
24 201
25 475
26 804
27 196
28 9
29 850
30 869
31 1609
32 942
33 139
34 918
35 1823
36 1966
37 965
38 607
39 562
40 458
41 845
42 1708
43 764
44 467
45 1867
46 994
47 1617
48 1930
49 2044
50 2046
51 682
52 132
53 706
54 1475
55 1061
56 326
57 263
58 1383
59 53
60 416
61 1837
62 688
63 255
64 1072
65 19
66 1243
67 597
68 1276
69 470
70 1901
71 1625
72 2003
73 28
74 1245
75 1005
76 803
77 544
78 1426
79 492
80 1342
81 342
82 785
83 1712
84 292
85 570
86 1009
87 572
88 1678
89 1652
90 747
91 560
92 1149
93 251
94 1290
95 821
96 417
97 1948
98 860
99 1113
100 1820
101 1667
102 936
103 2015
104 1447
105 665
106 862
107 1100
108 1710
109 1249
110 1403
111 1329
112 1028
113 1644
114 1655
115 82
116 614
117 1632
118 1745
119 1775
120 1197
121 203
122 750
123 1696
124 474
125 1627
126 285
127 766
128 1404
129 1177
130 1520
131 657
132 1364
133 7
134 1055
135 73
136 910
137 1104
138 1031
139 1340
140 1672
141 70
142 723
143 1958
144 1222
145 982
146 259
147 1224
148 311
149 1816
150 115
151 1195
152 1844
153 1194
154 1590
155 566
156 1064
157 2012
158 717
159 1215
160 1534
161 574
162 33
163 733
164 539
165 1399
166 1649
167 696
168 257
169 2010
170 798
171 1793
172 234
173 1828
174 734
175 1045
176 457
177 294
178 1472
179 382
180 1586
181 746
182 144
183 1875
184 1656
185 1563
186 423
187 852
188 1301
189 472
190 1074
191 2031
192 616
193 1952
194 112
195 745
196 640
197 1221
198 274
199 961
200 1971
201 557
202 1569
203 194
204 1716
205 471
206 1414
207 1597
208 571
209 1255
210 1909
211 552
212 1732
213 940
214 981
215 413
216 149
217 1238
218 1175
219 1096
220 1509
221 41
222 1147
223 1002
224 1066
225 1929
226 434
227 1755
228 59
229 511
230 1148
231 1411
232 1636
233 186
234 1326
235 1279
236 1685
237 802
238 1735
239 1490
240 1207
241 1698
242 609
243 102
244 1160
245 827
246 823
247 503
248 697
249 1124
250 762
251 1438
252 1737
253 1137
254 1461
255 1361
256 1424
257 367
258 1550
259 1611
260 352
261 1869
262 895
263 763
264 489
265 1905
266 885
267 1535
268 611
269 1938
270 1467
271 345
272 958
273 1410
274 792
275 160
276 925
277 365
278 24
279 731
280 997
281 839
282 1766
283 300
284 1157
285 1044
286 937
287 1641
288 1384
289 1013
290 1216
291 1709
292 1151
293 855
294 1884
295 516
296 1338
297 1393
298 1118
299 1093
300 598
301 1925
302 210
303 1189
304 1913
305 1691
306 782
307 1518
308 1168
309 58
310 1785
311 1605
312 412
313 1090
314 897
315 642
316 649
317 582
318 1923
319 1592
320 1556
321 1768
322 214
323 504
324 686
325 1885
326 170
327 1368
328 739
329 1660
330 1456
331 1080
332 1554
333 1449
334 730
335 527
336 1888
337 1711
338 444
339 439
340 1815
341 1354
342 903
343 1797
344 771
345 1927
346 1744
347 689
348 769
349 843
350 1388
351 1022
352 1577
353 400
354 1492
355 10
356 796
357 1657
358 2019
359 1801
360 1363
361 1972
362 453
363 741
364 440
365 677
366 87
367 1103
368 1063
369 781
370 280
371 1052
372 631
373 1814
374 1097
375 1969
376 79
377 1033
378 613
379 1842
380 819
381 1762
382 1442
383 1478
384 1798
385 1423
386 1674
387 1771
388 1849
389 230
390 231
391 348
392 1010
393 1647
394 304
395 52
396 392
397 249
398 863
399 576
400 991
401 639
402 963
403 209
404 1170
405 1897
406 310
407 858
408 62
409 296
410 1051
411 1783
412 267
413 2006
414 219
415 376
416 1864
417 258
418 883
419 740
420 793
421 1932
422 1201
423 483
424 1336
425 1946
426 1408
427 1500
428 1141
429 1751
430 2026
431 1351
432 1159
433 1071
434 1110
435 842
436 1027
437 1282
438 31
439 1142
440 1754
441 2040
442 801
443 1020
444 1260
445 545
446 832
447 742
448 1357
449 1574
450 204
451 632
452 550
453 987
454 1622
455 1344
456 1001
457 99
458 490
459 724
460 809
461 1043
462 902
463 122
464 1733
465 1421
466 1114
467 1567
468 138
469 1264
470 217
471 517
472 1561
473 205
474 1390
475 281
476 1169
477 775
478 1379
479 976
480 719
481 48
482 617
483 119
484 442
485 1436
486 526
487 954
488 409
489 1347
490 534
491 1714
492 851
493 1153
494 207
495 1145
496 1699
497 173
498 1841
499 1430
500 237
501 777
502 1822
503 1543
504 435
505 372
506 1235
507 1263
508 584
509 1607
510 947
511 1359
512 725
513 1838
514 1878
515 1011
516 776
517 127
518 683
519 1232
520 1335
521 428
522 1956
523 98
524 1316
525 14
526 577
527 188
528 1951
529 1167
530 626
531 1083
532 1469
533 1753
534 1508
535 510
536 1666
537 125
538 298
539 1591
540 784
541 344
542 767
543 1021
544 687
545 591
546 1350
547 426
548 1029
549 1749
550 693
551 738
552 8
553 904
554 737
555 469
556 488
557 589
558 1296
559 465
560 569
561 1272
562 653
563 1833
564 1863
565 674
566 176
567 1537
568 757
569 1921
570 672
571 1847
572 1382
573 421
574 418
575 287
576 1075
577 1026
578 1308
579 1689
580 531
581 868
582 206
583 565
584 1281
585 600
586 1865
587 1984
588 480
589 898
590 37
591 133
592 168
593 820
594 932
595 2048
596 1087
597 494
598 1346
599 679
600 1589
601 43
602 1144
603 1529
604 831
605 1858
606 1095
607 952
608 835
609 1000
610 656
611 445
612 118
613 415
614 232
615 97
616 1116
617 1851
618 1906
619 848
620 94
621 195
622 1738
623 1610
624 346
625 384
626 1135
627 1493
628 914
629 1669
630 1155
631 2013
632 808
633 1432
634 1821
635 336
636 1457
637 864
638 1298
639 547
640 812
641 113
642 816
643 1862
644 1818
645 1665
646 1106
647 648
648 1515
649 1802
650 1507
651 896
652 671
653 1125
654 1297
655 180
656 1746
657 1964
658 699
659 916
660 1362
661 1223
662 1853
663 233
664 1277
665 324
666 224
667 1109
668 810
669 269
670 1985
671 108
672 347
673 1619
674 1531
675 2020
676 1593
677 1465
678 761
679 333
680 1292
681 668
682 1230
683 182
684 80
685 630
686 1320
687 1108
688 1107
689 1293
690 1963
691 1540
692 1835
693 293
694 1446
695 711
696 990
697 1736
698 26
699 1601
700 1686
701 1570
702 143
703 1961
704 131
705 1873
706 374
707 1631
708 678
709 50
710 1834
711 900
712 1062
713 451
714 362
715 1101
716 1035
717 561
718 853
719 1417
720 247
721 1391
722 638
723 368
724 1098
725 303
726 175
727 779
728 1840
729 308
730 659
731 1425
732 867
733 1036
734 2005
735 1503
736 555
737 243
738 907
739 1911
740 500
741 145
742 192
743 1218
744 1512
745 908
746 1012
747 1070
748 1871
749 992
750 533
751 890
752 1559
753 1115
754 1065
755 1705
756 1422
757 1900
758 1595
759 386
760 1742
761 493
762 1521
763 1720
764 162
765 880
766 1427
767 340
768 1380
769 394
770 1817
771 1348
772 1050
773 450
774 1019
775 1311
776 1999
777 329
778 536
779 1079
780 1234
781 660
782 360
783 261
784 1041
785 1882
786 1968
787 1920
788 1804
789 262
790 743
791 487
792 1132
793 1339
794 47
795 807
796 377
797 299
798 1943
799 271
800 709
801 1017
802 628
803 1796
804 455
805 2025
806 288
807 425
808 751
809 1761
810 675
811 1962
812 1325
813 363
814 1466
815 935
816 1876
817 732
818 1702
819 681
820 339
821 1903
822 1030
823 518
824 1523
825 1640
826 270
827 559
828 652
829 1433
830 1692
831 1774
832 1937
833 443
834 198
835 568
836 1166
837 913
838 815
839 441
840 148
841 1565
842 63
843 245
844 454
845 605
846 1787
847 286
848 680
849 61
850 1252
851 167
852 1813
853 789
854 1244
855 282
856 1566
857 120
858 684
859 1654
860 1668
861 154
862 54
863 1038
864 1400
865 1703
866 911
867 309
868 774
869 1571
870 1176
871 1209
872 596
873 1568
874 1502
875 179
876 1881
877 107
878 1237
879 977
880 408
881 1054
882 1313
883 213
884 1662
885 927
886 1517
887 564
888 1283
889 1254
890 1312
891 86
892 1682
893 721
894 1723
895 968
896 1912
897 211
898 760
899 891
900 666
901 172
902 1931
903 1879
904 1899
905 540
906 141
907 1661
908 928
909 590
910 1770
911 1042
912 334
913 873
914 1919
915 1262
916 75
917 884
918 1769
919 123
920 662
921 1181
922 1688
923 430
924 1367
925 1697
926 650
927 27
928 588
929 1158
930 436
931 1789
932 88
933 1808
934 1715
935 305
936 29
937 1156
938 1604
939 943
940 1468
941 957
942 1389
943 1659
944 349
945 1809
946 1034
947 137
948 1314
949 1778
950 899
951 1077
952 1545
953 1600
954 2036
955 1934
956 549
957 1121
958 698
959 1579
960 1186
961 1612
962 822
963 1049
964 1739
965 2022
966 1603
967 2014
968 1349
969 962
970 727
971 1082
972 1396
973 1309
974 1806
975 499
976 592
977 1037
978 720
979 1275
980 837
981 578
982 44
983 1664
984 2002
985 1551
986 478
987 2027
988 1302
989 1143
990 1105
991 218
992 1138
993 587
994 989
995 254
996 297
997 1996
998 1594
999 1196
1000 225
1001 695
1002 535
1003 1310
1004 156
1005 1323
1006 420
1007 1333
1008 83
1009 938
1010 551
1011 146
1012 787
1013 1606
1014 1549
1015 1773
1016 1154
1017 651
1018 1099
1019 1916
1020 202
1021 90
1022 939
1023 861
1024 2034
1025 1718
1026 694
1027 1759
1028 1731
1029 1973
1030 4
1031 414
1032 872
1033 786
1034 22
1035 69
1036 586
1037 1629
1038 1208
1039 65
1040 114
1041 1437
1042 1781
1043 164
1044 1341
1045 637
1046 1983
1047 13
1048 1265
1049 1859
1050 491
1051 321
1052 1845
1053 1365
1054 1291
1055 917
1056 45
1057 1646
1058 1850
1059 140
1060 411
1061 704
1062 103
1063 629
1064 1239
1065 1048
1066 1434
1067 452
1068 60
1069 109
1070 1614
1071 881
1072 1997
1073 519
1074 1810
1075 241
1076 1527
1077 984
1078 1174
1079 117
1080 1829
1081 464
1082 1730
1083 1303
1084 85
1085 817
1086 2045
1087 1536
1088 859
1089 1890
1090 1935
1091 496
1092 646
1093 1772
1094 949
1095 826
1096 18
1097 892
1098 431
1099 1247
1100 1024
1101 1653
1102 1418
1103 985
1104 1578
1105 181
1106 49
1107 1757
1108 941
1109 380
1110 240
1111 358
1112 370
1113 622
1114 350
1115 163
1116 244
1117 229
1118 291
1119 601
1120 959
1121 1788
1122 1269
1123 373
1124 975
1125 130
1126 1435
1127 330
1128 1248
1129 828
1130 1015
1131 508
1132 76
1133 1267
1134 1965
1135 250
1136 68
1137 1306
1138 728
1139 1645
1140 1213
1141 235
1142 1444
1143 189
1144 847
1145 23
1146 1086
1147 854
1148 507
1149 951
1150 78
1151 1405
1152 1575
1153 643
1154 5
1155 320
1156 479
1157 1163
1158 72
1159 92
1160 199
1161 2042
1162 497
1163 1843
1164 1246
1165 220
1166 1541
1167 1067
1168 1694
1169 505
1170 361
1171 972
1172 1741
1173 183
1174 1542
1175 238
1176 1995
1177 1967
1178 1854
1179 931
1180 1003
1181 12
1182 1372
1183 635
1184 1476
1185 2001
1186 1146
1187 448
1188 983
1189 811
1190 1887
1191 1750
1192 476
1193 1970
1194 920
1195 484
1196 316
1197 1805
1198 501
1199 1127
1200 264
1201 1068
1202 999
1203 1726
1204 1671
1205 1445
1206 402
1207 532
1208 1076
1209 422
1210 1740
1211 1752
1212 481
1213 272
1214 20
1215 1111
1216 1827
1217 1165
1218 1945
1219 64
1220 236
1221 1464
1222 1228
1223 2007
1224 710
1225 1684
1226 1585
1227 520
1228 1439
1229 620
1230 147
1231 477
1232 447
1233 1134
1234 748
1235 946
1236 379
1237 1088
1238 1394
1239 1670
1240 1204
1241 15
1242 1356
1243 171
1244 1480
1245 514
1246 849
1247 66
1248 378
1249 1857
1250 289
1251 1763
1252 1790
1253 2041
1254 1839
1255 152
1256 1073
1257 1122
1258 585
1259 178
1260 1765
1261 1588
1262 1494
1263 1977
1264 865
1265 1179
1266 1608
1267 1278
1268 2000
1269 1784
1270 1776
1271 1544
1272 1582
1273 893
1274 1130
1275 715
1276 405
1277 909
1278 580
1279 1898
1280 1482
1281 1191
1282 1528
1283 461
1284 1069
1285 1791
1286 1023
1287 407
1288 685
1289 227
1290 1506
1291 919
1292 165
1293 1053
1294 1722
1295 756
1296 1392
1297 1724
1298 773
1299 1477
1300 599
1301 1040
1302 1200
1303 2004
1304 794
1305 575
1306 1868
1307 797
1308 567
1309 2038
1310 306
1311 1539
1312 1928
1313 612
1314 930
1315 866
1316 825
1317 1120
1318 462
1319 770
1320 404
1321 1979
1322 1981
1323 1328
1324 277
1325 337
1326 317
1327 2016
1328 610
1329 966
1330 1318
1331 1978
1332 1803
1333 558
1334 654
1335 313
1336 1725
1337 1940
1338 322
1339 169
1340 602
1341 437
1342 658
1343 1402
1344 1089
1345 1581
1346 1681
1347 1764
1348 664
1349 388
1350 1131
1351 945
1352 105
1353 221
1354 641
1355 744
1356 1623
1357 541
1358 11
1359 1683
1360 187
1361 278
1362 1620
1363 1555
1364 1056
1365 101
1366 1915
1367 1650
1368 1917
1369 1989
1370 1428
1371 886
1372 1852
1373 1025
1374 1419
1375 1315
1376 623
1377 633
1378 1526
1379 111
1380 670
1381 1220
1382 315
1383 790
1384 1173
1385 1286
1386 424
1387 655
1388 1700
1389 1242
1390 1295
1391 2037
1392 970
1393 2018
1394 846
1395 1831
1396 791
1397 6
1398 1795
1399 1484
1400 960
1401 1856
1402 1624
1403 410
1404 1332
1405 1198
1406 1756
1407 726
1408 1211
1409 1532
1410 509
1411 795
1412 1553
1413 351
1414 429
1415 466
1416 1957
1417 1415
1418 1530
1419 1538
1420 948
1421 1366
1422 563
1423 124
1424 836
1425 922
1426 667
1427 354
1428 1747
1429 1942
1430 988
1431 1894
1432 1562
1433 174
1434 191
1435 1212
1436 375
1437 1385
1438 369
1439 707
1440 1635
1441 1462
1442 1307
1443 157
1444 1459
1445 1094
1446 813
1447 1229
1448 924
1449 1491
1450 1516
1451 524
1452 594
1453 722
1454 359
1455 644
1456 581
1457 1794
1458 1420
1459 512
1460 153
1461 95
1462 166
1463 1717
1464 1214
1465 1463
1466 1004
1467 338
1468 1616
1469 239
1470 1855
1471 993
1472 1498
1473 1327
1474 1994
1475 579
1476 1944
1477 1687
1478 1180
1479 1792
1480 971
1481 1429
1482 676
1483 714
1484 460
1485 874
1486 1139
1487 1451
1488 1499
1489 1300
1490 691
1491 387
1492 1895
1493 1825
1494 1129
1495 1800
1496 1485
1497 1941
1498 35
1499 1513
1500 1630
1501 1924
1502 468
1503 525
1504 1016
1505 986
1506 1690
1507 212
1508 556
1509 456
1510 1914
1511 2017
1512 302
1513 228
1514 830
1515 1203
1516 1760
1517 1939
1518 57
1519 1164
1520 625
1521 485
1522 1910
1523 1353
1524 1406
1525 1409
1526 318
1527 1719
1528 735
1529 396
1530 870
1531 800
1532 1639
1533 71
1534 969
1535 1786
1536 2008
1537 1496
1538 21
1539 1992
1540 398
1541 1395
1542 1487
1543 1358
1544 1799
1545 177
1546 974
1547 391
1548 1658
1549 1807
1550 1161
1551 1907
1552 1266
1553 1182
1554 1486
1555 833
1556 1866
1557 506
1558 1886
1559 1904
1560 1621
1561 1225
1562 2011
1563 889
1564 1572
1565 1713
1566 355
1567 1618
1568 106
1569 1287
1570 383
1571 749
1572 332
1573 38
1574 142
1575 121
1576 1557
1577 16
1578 1998
1579 1663
1580 1345
1581 1728
1582 1370
1583 978
1584 1039
1585 1830
1586 1257
1587 1057
1588 1371
1589 136
1590 923
1591 595
1592 1993
1593 134
1594 1241
1595 1190
1596 1014
1597 248
1598 1304
1599 208
1600 252
1601 273
1602 522
1603 888
1604 996
1605 1975
1606 814
1607 197
1608 1474
1609 1458
1610 128
1611 806
1612 1573
1613 967
1614 1152
1615 1441
1616 1172
1617 1510
1618 403
1619 81
1620 1959
1621 1811
1622 1721
1623 755
1624 371
1625 1352
1626 158
1627 604
1628 780
1629 530
1630 856
1631 1988
1632 543
1633 1695
1634 1185
1635 692
1636 1812
1637 1891
1638 1748
1639 1440
1640 323
1641 1084
1642 1602
1643 929
1644 2032
1645 1524
1646 185
1647 46
1648 921
1649 1360
1650 1259
1651 2043
1652 1123
1653 1187
1654 523
1655 39
1656 260
1657 155
1658 184
1659 459
1660 1321
1661 126
1662 200
1663 2047
1664 1140
1665 1305
1666 1481
1667 542
1668 389
1669 1889
1670 1337
1671 1779
1672 1128
1673 1860
1674 284
1675 1547
1676 1648
1677 93
1678 1675
1679 1206
1680 1006
1681 502
1682 1032
1683 538
1684 1824
1685 100
1686 1680
1687 805
1688 765
1689 1373
1690 2028
1691 1047
1692 1133
1693 1870
1694 2021
1695 1580
1696 129
1697 944
1698 1376
1699 1261
1700 1677
1701 1
1702 926
1703 1707
1704 1522
1705 1288
1706 397
1707 1192
1708 1253
1709 1564
1710 1250
1711 953
1712 353
1713 1922
1714 768
1715 449
1716 1271
1717 608
1718 1188
1719 1284
1720 1256
1721 1398
1722 703
1723 513
1724 712
1725 1273
1726 74
1727 1777
1728 841
1729 1504
1730 1319
1731 419
1732 634
1733 17
1734 1780
1735 1633
1736 1460
1737 1150
1738 1126
1739 1092
1740 268
1741 624
1742 1375
1743 215
1744 528
1745 615
1746 1060
1747 1355
1748 1628
1749 253
1750 537
1751 788
1752 1587
1753 1407
1754 877
1755 1584
1756 1643
1757 1454
1758 1782
1759 1202
1760 663
1761 619
1762 1727
1763 1676
1764 1883
1765 151
1766 1233
1767 1412
1768 1231
1769 1976
1770 1413
1771 357
1772 1615
1773 1583
1774 1227
1775 1729
1776 295
1777 1949
1778 1651
1779 498
1780 433
1781 279
1782 335
1783 834
1784 1455
1785 1119
1786 1953
1787 690
1788 702
1789 879
1790 783
1791 973
1792 1637
1793 2009
1794 3
1795 438
1796 871
1797 1936
1798 901
1799 1832
1800 1317
1801 829
1802 1183
1803 1955
1804 327
1805 716
1806 393
1807 1184
1808 838
1809 91
1810 1058
1811 1558
1812 621
1813 729
1814 708
1815 266
1816 1008
1817 2039
1818 1294
1819 67
1820 1483
1821 515
1822 759
1823 606
1824 1210
1825 356
1826 1846
1827 1226
1828 1701
1829 1892
1830 521
1831 1448
1832 1986
1833 1397
1834 1322
1835 36
1836 1980
1837 956
1838 1217
1839 1596
1840 1085
1841 701
1842 1091
1843 1471
1844 432
1845 463
1846 1990
1847 1387
1848 2033
1849 486
1850 1880
1851 290
1852 395
1853 647
1854 979
1855 1268
1856 1613
1857 915
1858 1334
1859 818
1860 1431
1861 89
1862 1117
1863 1693
1864 636
1865 495
1866 627
1867 1193
1868 1548
1869 1960
1870 246
1871 1546
1872 56
1873 998
1874 1926
1875 1918
1876 1416
1877 529
1878 1497
1879 1280
1880 390
1881 1046
1882 2024
1883 1251
1884 1511
1885 1908
1886 1514
1887 325
1888 799
1889 645
1890 223
1891 878
1892 1443
1893 1473
1894 150
1895 2030
1896 427
1897 950
1898 116
1899 1634
1900 256
1901 1343
1902 1171
1903 1240
1904 1638
1905 1479
1906 554
1907 912
1908 159
1909 546
1910 1236
1911 700
1912 905
1913 1836
1914 77
1915 1598
1916 1991
1917 882
1918 1642
1919 331
1920 1112
1921 312
1922 32
1923 1381
1924 1533
1925 573
1926 1330
1927 754
1928 343
1929 1902
1930 314
1931 40
1932 1896
1933 705
1934 661
1935 1893
1936 1059
1937 135
1938 1826
1939 226
1940 265
1941 1560
1942 548
1943 593
1944 1258
1945 753
1946 216
1947 1679
1948 718
1949 275
1950 1401
1951 1377
1952 1743
1953 242
1954 1987
1955 1950
1956 1704
1957 319
1958 399
1959 583
1960 1274
1961 844
1962 772
1963 1136
1964 1078
1965 1374
1966 1626
1967 1450
1968 876
1969 1199
1970 603
1971 1974
1972 2035
1973 618
1974 1552
1975 96
1976 955
1977 406
1978 553
1979 341
1980 366
1981 1219
1982 1289
1983 161
1984 42
1985 110
1986 84
1987 875
1988 1982
1989 34
1990 190
1991 894
1992 995
1993 307
1994 1162
1995 1525
1996 1369
1997 1018
1998 1819
1999 887
2000 276
2001 30
2002 1519
2003 857
2004 1734
2005 55
2006 1081
2007 1488
2008 482
2009 1102
2010 222
2011 1299
2012 1452
2013 2029
2014 1495
2015 1178
2016 1872
2017 1954
2018 713
2019 1453
2020 964
2021 401
2022 328
2023 1861
2024 1767
2025 1270
2026 104
2027 934
2028 980
2029 283
2030 1324
2031 778
2032 446
2033 25
2034 1205
2035 1331
2036 301
2037 364
2038 385
2039 758
2040 473
2041 193
2042 1470
2043 1576
2044 1933
2045 1007
2046 1501
2047 1386
2048 1758
